{"uid":"e9d3037cf5053def","name":"test_not_valid_discount_code","fullName":"tests.test_mini_bag.TestMiniBag#test_not_valid_discount_code","historyId":"1c24b96b5fffa79cae57ba897404abba","time":{"start":1739718418158,"stop":1739718418975,"duration":817},"description":"Can not apply the wrong discount code","descriptionHtml":"<p>Can not apply the wrong discount code</p>\n","status":"passed","flaky":false,"newFailed":false,"newBroken":false,"newPassed":false,"retriesCount":0,"retriesStatusChange":false,"beforeStages":[{"name":"_session_faker","time":{"start":1739718403428,"stop":1739718403487,"duration":59},"status":"passed","steps":[],"attachments":[],"parameters":[],"shouldDisplayMessage":false,"stepsCount":0,"attachmentsCount":0,"attachmentStep":false,"hasContent":false},{"name":"driver","time":{"start":1739718403487,"stop":1739718404079,"duration":592},"status":"passed","steps":[],"attachments":[],"parameters":[],"shouldDisplayMessage":false,"stepsCount":0,"attachmentsCount":0,"attachmentStep":false,"hasContent":false},{"name":"add_product_to_bag","time":{"start":1739718404079,"stop":1739718408842,"duration":4763},"status":"broken","statusMessage":"selenium.common.exceptions.ElementClickInterceptedException: Message: element click intercepted: Element <button class=\"onetrust-close-btn-handler onetrust-close-btn-ui banner-close-button ot-close-icon\" aria-label=\"Close\"></button> is not clickable at point (22, 22). Other element would receive the click: <div class=\"secondary-links_links__ejXxG\">...</div>\n  (Session info: chrome=132.0.6834.159)\nStacktrace:\n#0 0x555cd239a53a <unknown>\n#1 0x555cd1e95f00 <unknown>\n#2 0x555cd1eec8de <unknown>\n#3 0x555cd1eea813 <unknown>\n#4 0x555cd1ee7f22 <unknown>\n#5 0x555cd1ee7135 <unknown>\n#6 0x555cd1eda1cd <unknown>\n#7 0x555cd1f0a5a2 <unknown>\n#8 0x555cd1ed9758 <unknown>\n#9 0x555cd1f0a76e <unknown>\n#10 0x555cd1f28f84 <unknown>\n#11 0x555cd1f0a343 <unknown>\n#12 0x555cd1ed778a <unknown>\n#13 0x555cd1ed89de <unknown>\n#14 0x555cd23642cb <unknown>\n#15 0x555cd2368242 <unknown>\n#16 0x555cd23517ac <unknown>\n#17 0x555cd2368df7 <unknown>\n#18 0x555cd2335b2f <unknown>\n#19 0x555cd23891a8 <unknown>\n#20 0x555cd2389370 <unknown>\n#21 0x555cd23993b6 <unknown>\n#22 0x7f300469aa94 <unknown>\n#23 0x7f3004727a34 __clone\n\n","statusTrace":"  File \"/usr/local/lib/python3.12/site-packages/pluggy/_callers.py\", line 167, in _multicall\n    teardown.throw(outcome._exception)\n  File \"/usr/local/lib/python3.12/site-packages/_pytest/setuponly.py\", line 36, in pytest_fixture_setup\n    return (yield)\n            ^^^^^\n  File \"/usr/local/lib/python3.12/site-packages/pluggy/_callers.py\", line 103, in _multicall\n    res = hook_impl.function(*args)\n          ^^^^^^^^^^^^^^^^^^^^^^^^^\n  File \"/usr/local/lib/python3.12/site-packages/_pytest/fixtures.py\", line 1140, in pytest_fixture_setup\n    result = call_fixture_func(fixturefunc, request, kwargs)\n             ^^^^^^^^^^^^^^^^^^^^^^^^^^^^^^^^^^^^^^^^^^^^^^^\n  File \"/usr/local/lib/python3.12/site-packages/_pytest/fixtures.py\", line 898, in call_fixture_func\n    fixture_result = fixturefunc(**kwargs)\n                     ^^^^^^^^^^^^^^^^^^^^^\n  File \"/test_project/conftest.py\", line 66, in add_product_to_bag\n    page.open_page()\n  File \"/test_project/pages/base_page.py\", line 23, in open_page\n    self.close_cookies_banner()\n  File \"/usr/local/lib/python3.12/site-packages/allure_commons/_allure.py\", line 192, in impl\n    return func(*a, **kw)\n           ^^^^^^^^^^^^^^\n  File \"/test_project/pages/base_page.py\", line 95, in close_cookies_banner\n    self.find_element(BaseLocators.CLOSE_COOKIES_BTN).click()\n  File \"/usr/local/lib/python3.12/site-packages/selenium/webdriver/remote/webelement.py\", line 119, in click\n    self._execute(Command.CLICK_ELEMENT)\n  File \"/usr/local/lib/python3.12/site-packages/selenium/webdriver/remote/webelement.py\", line 570, in _execute\n    return self._parent.execute(command, params)\n           ^^^^^^^^^^^^^^^^^^^^^^^^^^^^^^^^^^^^^\n  File \"/usr/local/lib/python3.12/site-packages/selenium/webdriver/remote/webdriver.py\", line 429, in execute\n    self.error_handler.check_response(response)\n  File \"/usr/local/lib/python3.12/site-packages/selenium/webdriver/remote/errorhandler.py\", line 232, in check_response\n    raise exception_class(message, screen, stacktrace)\n","steps":[{"name":"Open https://uk.gymshark.com/products/gymshark-lift-contour-seamless-leggings-black-black-marl-aw23 page","time":{"start":1739718404079,"stop":1739718408841,"duration":4762},"status":"broken","statusMessage":"selenium.common.exceptions.ElementClickInterceptedException: Message: element click intercepted: Element <button class=\"onetrust-close-btn-handler onetrust-close-btn-ui banner-close-button ot-close-icon\" aria-label=\"Close\"></button> is not clickable at point (22, 22). Other element would receive the click: <div class=\"secondary-links_links__ejXxG\">...</div>\n  (Session info: chrome=132.0.6834.159)\nStacktrace:\n#0 0x555cd239a53a <unknown>\n#1 0x555cd1e95f00 <unknown>\n#2 0x555cd1eec8de <unknown>\n#3 0x555cd1eea813 <unknown>\n#4 0x555cd1ee7f22 <unknown>\n#5 0x555cd1ee7135 <unknown>\n#6 0x555cd1eda1cd <unknown>\n#7 0x555cd1f0a5a2 <unknown>\n#8 0x555cd1ed9758 <unknown>\n#9 0x555cd1f0a76e <unknown>\n#10 0x555cd1f28f84 <unknown>\n#11 0x555cd1f0a343 <unknown>\n#12 0x555cd1ed778a <unknown>\n#13 0x555cd1ed89de <unknown>\n#14 0x555cd23642cb <unknown>\n#15 0x555cd2368242 <unknown>\n#16 0x555cd23517ac <unknown>\n#17 0x555cd2368df7 <unknown>\n#18 0x555cd2335b2f <unknown>\n#19 0x555cd23891a8 <unknown>\n#20 0x555cd2389370 <unknown>\n#21 0x555cd23993b6 <unknown>\n#22 0x7f300469aa94 <unknown>\n#23 0x7f3004727a34 __clone\n\n","statusTrace":"  File \"/test_project/pages/base_page.py\", line 23, in open_page\n    self.close_cookies_banner()\n  File \"/usr/local/lib/python3.12/site-packages/allure_commons/_allure.py\", line 192, in impl\n    return func(*a, **kw)\n           ^^^^^^^^^^^^^^\n  File \"/test_project/pages/base_page.py\", line 95, in close_cookies_banner\n    self.find_element(BaseLocators.CLOSE_COOKIES_BTN).click()\n  File \"/usr/local/lib/python3.12/site-packages/selenium/webdriver/remote/webelement.py\", line 119, in click\n    self._execute(Command.CLICK_ELEMENT)\n  File \"/usr/local/lib/python3.12/site-packages/selenium/webdriver/remote/webelement.py\", line 570, in _execute\n    return self._parent.execute(command, params)\n           ^^^^^^^^^^^^^^^^^^^^^^^^^^^^^^^^^^^^^\n  File \"/usr/local/lib/python3.12/site-packages/selenium/webdriver/remote/webdriver.py\", line 429, in execute\n    self.error_handler.check_response(response)\n  File \"/usr/local/lib/python3.12/site-packages/selenium/webdriver/remote/errorhandler.py\", line 232, in check_response\n    raise exception_class(message, screen, stacktrace)\n","steps":[{"name":"Close the Cookies banner","time":{"start":1739718407672,"stop":1739718408840,"duration":1168},"status":"broken","statusMessage":"selenium.common.exceptions.ElementClickInterceptedException: Message: element click intercepted: Element <button class=\"onetrust-close-btn-handler onetrust-close-btn-ui banner-close-button ot-close-icon\" aria-label=\"Close\"></button> is not clickable at point (22, 22). Other element would receive the click: <div class=\"secondary-links_links__ejXxG\">...</div>\n  (Session info: chrome=132.0.6834.159)\nStacktrace:\n#0 0x555cd239a53a <unknown>\n#1 0x555cd1e95f00 <unknown>\n#2 0x555cd1eec8de <unknown>\n#3 0x555cd1eea813 <unknown>\n#4 0x555cd1ee7f22 <unknown>\n#5 0x555cd1ee7135 <unknown>\n#6 0x555cd1eda1cd <unknown>\n#7 0x555cd1f0a5a2 <unknown>\n#8 0x555cd1ed9758 <unknown>\n#9 0x555cd1f0a76e <unknown>\n#10 0x555cd1f28f84 <unknown>\n#11 0x555cd1f0a343 <unknown>\n#12 0x555cd1ed778a <unknown>\n#13 0x555cd1ed89de <unknown>\n#14 0x555cd23642cb <unknown>\n#15 0x555cd2368242 <unknown>\n#16 0x555cd23517ac <unknown>\n#17 0x555cd2368df7 <unknown>\n#18 0x555cd2335b2f <unknown>\n#19 0x555cd23891a8 <unknown>\n#20 0x555cd2389370 <unknown>\n#21 0x555cd23993b6 <unknown>\n#22 0x7f300469aa94 <unknown>\n#23 0x7f3004727a34 __clone\n\n","statusTrace":"  File \"/usr/local/lib/python3.12/site-packages/allure_commons/_allure.py\", line 192, in impl\n    return func(*a, **kw)\n           ^^^^^^^^^^^^^^\n  File \"/test_project/pages/base_page.py\", line 95, in close_cookies_banner\n    self.find_element(BaseLocators.CLOSE_COOKIES_BTN).click()\n  File \"/usr/local/lib/python3.12/site-packages/selenium/webdriver/remote/webelement.py\", line 119, in click\n    self._execute(Command.CLICK_ELEMENT)\n  File \"/usr/local/lib/python3.12/site-packages/selenium/webdriver/remote/webelement.py\", line 570, in _execute\n    return self._parent.execute(command, params)\n           ^^^^^^^^^^^^^^^^^^^^^^^^^^^^^^^^^^^^^\n  File \"/usr/local/lib/python3.12/site-packages/selenium/webdriver/remote/webdriver.py\", line 429, in execute\n    self.error_handler.check_response(response)\n  File \"/usr/local/lib/python3.12/site-packages/selenium/webdriver/remote/errorhandler.py\", line 232, in check_response\n    raise exception_class(message, screen, stacktrace)\n","steps":[],"attachments":[],"parameters":[],"shouldDisplayMessage":true,"stepsCount":0,"attachmentsCount":0,"attachmentStep":false,"hasContent":true}],"attachments":[],"parameters":[],"shouldDisplayMessage":false,"stepsCount":1,"attachmentsCount":0,"attachmentStep":false,"hasContent":true}],"attachments":[],"parameters":[],"shouldDisplayMessage":false,"stepsCount":2,"attachmentsCount":0,"attachmentStep":false,"hasContent":true},{"name":"add_product_to_bag","time":{"start":1739718408908,"stop":1739718413188,"duration":4280},"status":"passed","steps":[{"name":"Open https://uk.gymshark.com/products/gymshark-lift-contour-seamless-leggings-black-black-marl-aw23 page","time":{"start":1739718408908,"stop":1739718412731,"duration":3823},"status":"passed","steps":[],"attachments":[],"parameters":[],"shouldDisplayMessage":false,"stepsCount":0,"attachmentsCount":0,"attachmentStep":false,"hasContent":false},{"name":"Select a random size","time":{"start":1739718412731,"stop":1739718412846,"duration":115},"status":"passed","steps":[],"attachments":[],"parameters":[],"shouldDisplayMessage":false,"stepsCount":0,"attachmentsCount":0,"attachmentStep":false,"hasContent":false},{"name":"Click Add To Bag button","time":{"start":1739718412847,"stop":1739718412954,"duration":107},"status":"passed","steps":[],"attachments":[],"parameters":[],"shouldDisplayMessage":false,"stepsCount":0,"attachmentsCount":0,"attachmentStep":false,"hasContent":false},{"name":"Click the Bag icon in the header","time":{"start":1739718412954,"stop":1739718413188,"duration":234},"status":"passed","steps":[],"attachments":[],"parameters":[],"shouldDisplayMessage":false,"stepsCount":0,"attachmentsCount":0,"attachmentStep":false,"hasContent":false}],"attachments":[],"parameters":[],"shouldDisplayMessage":false,"stepsCount":4,"attachmentsCount":0,"attachmentStep":false,"hasContent":true}],"testStage":{"description":"Can not apply the wrong discount code","status":"passed","steps":[{"name":"Enter the discount code","time":{"start":1739718418163,"stop":1739718418250,"duration":87},"status":"passed","steps":[],"attachments":[],"parameters":[{"name":"code","value":"123"}],"shouldDisplayMessage":false,"stepsCount":0,"attachmentsCount":0,"attachmentStep":false,"hasContent":true},{"name":"Click the Apply button","time":{"start":1739718418250,"stop":1739718418357,"duration":107},"status":"passed","steps":[],"attachments":[],"parameters":[],"shouldDisplayMessage":false,"stepsCount":0,"attachmentsCount":0,"attachmentStep":false,"hasContent":false},{"name":"Check if the discount code error is present","time":{"start":1739718418357,"stop":1739718418975,"duration":618},"status":"passed","steps":[],"attachments":[],"parameters":[],"shouldDisplayMessage":false,"stepsCount":0,"attachmentsCount":0,"attachmentStep":false,"hasContent":false}],"attachments":[],"parameters":[],"shouldDisplayMessage":false,"stepsCount":3,"attachmentsCount":0,"attachmentStep":false,"hasContent":true},"afterStages":[{"name":"driver::0","time":{"start":1739718428197,"stop":1739718428303,"duration":106},"status":"passed","steps":[],"attachments":[],"parameters":[],"shouldDisplayMessage":false,"stepsCount":0,"attachmentsCount":0,"attachmentStep":false,"hasContent":false}],"labels":[{"name":"epic","value":"Mini bag"},{"name":"tag","value":"docker"},{"name":"tag","value":"@pytest.mark.usefixtures('add_product_to_bag')"},{"name":"parentSuite","value":"tests"},{"name":"suite","value":"test_mini_bag"},{"name":"subSuite","value":"TestMiniBag"},{"name":"host","value":"681473e4cfaa"},{"name":"thread","value":"1-MainThread"},{"name":"framework","value":"pytest"},{"name":"language","value":"cpython3"},{"name":"package","value":"tests.test_mini_bag"},{"name":"resultFormat","value":"allure2"}],"parameters":[],"links":[],"hidden":false,"retry":false,"extra":{"severity":"normal","retries":[],"categories":[],"history":{"statistic":{"failed":0,"broken":0,"skipped":0,"passed":2,"unknown":0,"total":2},"items":[{"uid":"ed0745a051faa0ee","status":"passed","time":{"start":1739717760037,"stop":1739717761087,"duration":1050}}]},"tags":["@pytest.mark.usefixtures('add_product_to_bag')","docker"]},"source":"e9d3037cf5053def.json","parameterValues":[]}